<?xml version="1.0" encoding="utf-8"?><testsuites name="pytest tests"><testsuite name="pytest" errors="0" failures="0" skipped="0" tests="6" time="5.550" timestamp="2025-10-19T17:08:31.115484+09:00" hostname="ganghyun"><testcase classname="tests.test_connectivity" name="test_vtysh_available" time="2.232" /><testcase classname="tests.test_connectivity" name="test_ping_h1_to_h2" time="0.465" /><testcase classname="tests.test_connectivity" name="test_ospf_neighbors_full" time="1.090" /><testcase classname="tests.test_connectivity" name="test_r1_has_ospf_route_to_h2" time="0.492" /><testcase classname="tests.test_connectivity" name="test_r2_has_ospf_route_to_h1" time="0.509" /><testcase classname="tests.test_connectivity" name="test_no_drift_against_template" time="0.641" /></testsuite></testsuites>